<?xml version="1.0" encoding="UTF-8"?>
<!-- Generated by org.testng.reporters.JUnitReportReporter -->
<testsuite hostname="abdo-PC" failures="0" tests="2" name="testng.NewTest" time="49.793" errors="0" timestamp="13 Sep 2023 00:35:15 GMT" skipped="0">
  <testcase classname="testng.NewTest" name="forgot_password" time="19.990"/>
  <testcase classname="testng.NewTest" name="signup" time="29.803"/>
</testsuite> <!-- testng.NewTest -->
